<?xml version="1.0" encoding="UTF-8"?>
<!-- Generated by org.testng.reporters.JUnitXMLReporter -->
<testsuite hostname="QAL-SHIBASHANKAR" ignored="3" name="Test" tests="2" failures="0" timestamp="08 Aug 2022 04:30:02 GMT" time="7.758" errors="0">
  <testcase name="openChrome" time="2.537" classname="test.LaunchURL"/>
  <testcase name="buHomepage" time="5.124" classname="test.LaunchBU"/>
  <testcase name="@BeforeTest getLog" time="0.0" classname="base.TestBase">
    <ignored/>
  </testcase> <!-- @BeforeTest getLog -->
  <testcase name="@BeforeSuite openBrowser" time="0.0" classname="base.TestBase">
    <ignored/>
  </testcase> <!-- @BeforeSuite openBrowser -->
  <testcase name="@AfterSuite tearDown" time="0.0" classname="base.TestBase">
    <ignored/>
  </testcase> <!-- @AfterSuite tearDown -->
</testsuite> <!-- Test -->
